AutoDock Vina v1.2.5
#################################################################
# If you used AutoDock Vina in your work, please cite:          #
#                                                               #
# J. Eberhardt, D. Santos-Martins, A. F. Tillack, and S. Forli  #
# AutoDock Vina 1.2.0: New Docking Methods, Expanded Force      #
# Field, and Python Bindings, J. Chem. Inf. Model. (2021)       #
# DOI 10.1021/acs.jcim.1c00203                                  #
#                                                               #
# O. Trott, A. J. Olson,                                        #
# AutoDock Vina: improving the speed and accuracy of docking    #
# with a new scoring function, efficient optimization and       #
# multithreading, J. Comp. Chem. (2010)                         #
# DOI 10.1002/jcc.21334                                         #
#                                                               #
# Please see https://github.com/ccsb-scripps/AutoDock-Vina for  #
# more information.                                             #
#################################################################

Scoring function : vina
Rigid receptor: ai_assisted_drug_design/protein/prepared/beta2_receptor.pdbqt
Ligand: ai_assisted_drug_design/ligands/pdbqt/Benzene.pdbqt
Grid center: X -29.5 Y 9.2 Z 6.9
Grid size  : X 20 Y 20 Z 20
Grid space : 0.375
Exhaustiveness: 8
CPU: 4
Verbosity: 1

Computing Vina grid ... done.
Performing docking (random seed: 1441655282) ...
0%   10   20   30   40   50   60   70   80   90   100%
|----|----|----|----|----|----|----|----|----|----|
***************************************************

mode |   affinity | dist from best mode
     | (kcal/mol) | rmsd l.b.| rmsd u.b.
-----+------------+----------+----------
   1       -4.659          0          0
   2       -4.637     0.1657      2.443
   3       -4.633     0.5764      2.047
   4       -4.615     0.2581      1.975
   5       -4.589     0.3099        2.5
   6        -4.58     0.3278      1.994
   7       -4.368      1.845      3.235
   8       -4.365      1.821      3.109
   9       -4.321      1.693      2.413
