AutoDock Vina v1.2.5
#################################################################
# If you used AutoDock Vina in your work, please cite:          #
#                                                               #
# J. Eberhardt, D. Santos-Martins, A. F. Tillack, and S. Forli  #
# AutoDock Vina 1.2.0: New Docking Methods, Expanded Force      #
# Field, and Python Bindings, J. Chem. Inf. Model. (2021)       #
# DOI 10.1021/acs.jcim.1c00203                                  #
#                                                               #
# O. Trott, A. J. Olson,                                        #
# AutoDock Vina: improving the speed and accuracy of docking    #
# with a new scoring function, efficient optimization and       #
# multithreading, J. Comp. Chem. (2010)                         #
# DOI 10.1002/jcc.21334                                         #
#                                                               #
# Please see https://github.com/ccsb-scripps/AutoDock-Vina for  #
# more information.                                             #
#################################################################

Scoring function : vina
Rigid receptor: ai_assisted_drug_design/protein/prepared/beta2_receptor.pdbqt
Ligand: ai_assisted_drug_design/ligands/pdbqt/Propranolol.pdbqt
Grid center: X -29.5 Y 9.2 Z 6.9
Grid size  : X 20 Y 20 Z 20
Grid space : 0.375
Exhaustiveness: 8
CPU: 4
Verbosity: 1

Computing Vina grid ... done.
Performing docking (random seed: -401272685) ...
0%   10   20   30   40   50   60   70   80   90   100%
|----|----|----|----|----|----|----|----|----|----|
***************************************************

mode |   affinity | dist from best mode
     | (kcal/mol) | rmsd l.b.| rmsd u.b.
-----+------------+----------+----------
   1       -8.629          0          0
   2       -8.613      1.177       1.77
   3       -8.297       1.42      2.982
   4       -8.238      4.089      6.129
   5       -8.212      3.851      5.742
   6       -8.131      1.194      2.992
   7        -7.59      4.576      6.332
   8       -7.485      7.561      9.591
   9       -7.434      3.982       6.45
